2023-12-04 00:03:35 [main] INFO  c.m.d.t.t.k.s.TwitterToKafkaServiceApplication - Starting TwitterToKafkaServiceApplication using Java 21 with PID 22980 (C:\Users\tolun\OneDrive\Masaüstü\workspace\microservices-demo\twitter-to-kafka-service\target\classes started by tolun in C:\Users\tolun\OneDrive\Masaüstü\workspace\microservices-demo)
2023-12-04 00:03:35 [main] INFO  c.m.d.t.t.k.s.TwitterToKafkaServiceApplication - No active profile set, falling back to 1 default profile: "default"
2023-12-04 00:03:35 [main] INFO  c.m.d.t.t.k.s.TwitterToKafkaServiceApplication - Started TwitterToKafkaServiceApplication in 0.468 seconds (process running for 0.853)
2023-12-04 00:03:35 [main] INFO  c.m.d.t.t.k.s.TwitterToKafkaServiceApplication - App starts...
2023-12-04 00:03:39 [main] INFO  o.s.b.a.l.ConditionEvaluationReportLogger - 

Error starting ApplicationContext. To display the condition evaluation report re-run your application with 'debug' enabled.
2023-12-04 00:03:39 [main] ERROR o.s.boot.SpringApplication - Application run failed
java.lang.IllegalStateException: Failed to execute CommandLineRunner
	at org.springframework.boot.SpringApplication.callRunner(SpringApplication.java:789)
	at org.springframework.boot.SpringApplication.lambda$callRunners$3(SpringApplication.java:770)
	at java.base/java.util.stream.ForEachOps$ForEachOp$OfRef.accept(ForEachOps.java:184)
	at java.base/java.util.stream.SortedOps$SizedRefSortingSink.end(SortedOps.java:357)
	at java.base/java.util.stream.AbstractPipeline.copyInto(AbstractPipeline.java:510)
	at java.base/java.util.stream.AbstractPipeline.wrapAndCopyInto(AbstractPipeline.java:499)
	at java.base/java.util.stream.ForEachOps$ForEachOp.evaluateSequential(ForEachOps.java:151)
	at java.base/java.util.stream.ForEachOps$ForEachOp$OfRef.evaluateSequential(ForEachOps.java:174)
	at java.base/java.util.stream.AbstractPipeline.evaluate(AbstractPipeline.java:234)
	at java.base/java.util.stream.ReferencePipeline.forEach(ReferencePipeline.java:596)
	at org.springframework.boot.SpringApplication.callRunners(SpringApplication.java:765)
	at org.springframework.boot.SpringApplication.run(SpringApplication.java:330)
	at org.springframework.boot.SpringApplication.run(SpringApplication.java:1342)
	at org.springframework.boot.SpringApplication.run(SpringApplication.java:1331)
	at service.kafka.to.twitter.com.microservices.demo.config.TwitterToKafkaServiceApplication.main(TwitterToKafkaServiceApplication.java:24)
Caused by: java.lang.NullPointerException: Cannot invoke "java.util.List.toArray(Object[])" because the return value of "config.service.kafka.to.twitter.com.microservices.demo.config.TwitterToKafkaServiceConfigData.getTwitterKeywords()" is null
	at service.kafka.to.twitter.com.microservices.demo.config.TwitterToKafkaServiceApplication.run(TwitterToKafkaServiceApplication.java:30)
	at org.springframework.boot.SpringApplication.callRunner(SpringApplication.java:786)
	... 14 common frames omitted
2023-12-04 00:17:16 [main] INFO  c.m.d.t.t.k.s.TwitterToKafkaServiceApplication - Starting TwitterToKafkaServiceApplication using Java 21 with PID 25000 (C:\Users\tolun\OneDrive\Masaüstü\workspace\microservices-demo\twitter-to-kafka-service\target\classes started by tolun in C:\Users\tolun\OneDrive\Masaüstü\workspace\microservices-demo)
2023-12-04 00:17:16 [main] INFO  c.m.d.t.t.k.s.TwitterToKafkaServiceApplication - No active profile set, falling back to 1 default profile: "default"
2023-12-04 00:17:17 [main] INFO  c.m.d.t.t.k.s.TwitterToKafkaServiceApplication - Started TwitterToKafkaServiceApplication in 0.384 seconds (process running for 0.737)
2023-12-04 00:17:17 [main] INFO  c.m.d.t.t.k.s.TwitterToKafkaServiceApplication - App starts...
2023-12-04 00:17:22 [main] INFO  o.s.b.a.l.ConditionEvaluationReportLogger - 

Error starting ApplicationContext. To display the condition evaluation report re-run your application with 'debug' enabled.
2023-12-04 00:17:22 [main] ERROR o.s.boot.SpringApplication - Application run failed
java.lang.IllegalStateException: Failed to execute CommandLineRunner
	at org.springframework.boot.SpringApplication.callRunner(SpringApplication.java:789)
	at org.springframework.boot.SpringApplication.lambda$callRunners$3(SpringApplication.java:770)
	at java.base/java.util.stream.ForEachOps$ForEachOp$OfRef.accept(ForEachOps.java:184)
	at java.base/java.util.stream.SortedOps$SizedRefSortingSink.end(SortedOps.java:357)
	at java.base/java.util.stream.AbstractPipeline.copyInto(AbstractPipeline.java:510)
	at java.base/java.util.stream.AbstractPipeline.wrapAndCopyInto(AbstractPipeline.java:499)
	at java.base/java.util.stream.ForEachOps$ForEachOp.evaluateSequential(ForEachOps.java:151)
	at java.base/java.util.stream.ForEachOps$ForEachOp$OfRef.evaluateSequential(ForEachOps.java:174)
	at java.base/java.util.stream.AbstractPipeline.evaluate(AbstractPipeline.java:234)
	at java.base/java.util.stream.ReferencePipeline.forEach(ReferencePipeline.java:596)
	at org.springframework.boot.SpringApplication.callRunners(SpringApplication.java:765)
	at org.springframework.boot.SpringApplication.run(SpringApplication.java:330)
	at org.springframework.boot.SpringApplication.run(SpringApplication.java:1342)
	at org.springframework.boot.SpringApplication.run(SpringApplication.java:1331)
	at service.kafka.to.twitter.com.microservices.demo.config.TwitterToKafkaServiceApplication.main(TwitterToKafkaServiceApplication.java:24)
Caused by: java.lang.NullPointerException: Cannot invoke "java.util.List.toArray(Object[])" because the return value of "config.service.kafka.to.twitter.com.microservices.demo.config.TwitterToKafkaServiceConfigData.getTwitterKeywords()" is null
	at service.kafka.to.twitter.com.microservices.demo.config.TwitterToKafkaServiceApplication.run(TwitterToKafkaServiceApplication.java:30)
	at org.springframework.boot.SpringApplication.callRunner(SpringApplication.java:786)
	... 14 common frames omitted
2023-12-04 00:40:52 [main] INFO  c.m.d.t.t.k.s.TwitterToKafkaServiceApplication - Starting TwitterToKafkaServiceApplication using Java 21 with PID 25176 (C:\Users\tolun\OneDrive\Masaüstü\workspace\microservices-demo\twitter-to-kafka-service\target\classes started by tolun in C:\Users\tolun\OneDrive\Masaüstü\workspace\microservices-demo)
2023-12-04 00:40:52 [main] INFO  c.m.d.t.t.k.s.TwitterToKafkaServiceApplication - No active profile set, falling back to 1 default profile: "default"
2023-12-04 00:40:52 [main] INFO  c.m.d.t.t.k.s.TwitterToKafkaServiceApplication - Started TwitterToKafkaServiceApplication in 0.43 seconds (process running for 1.04)
2023-12-04 00:40:52 [main] INFO  c.m.d.t.t.k.s.TwitterToKafkaServiceApplication - App starts...
2023-12-04 00:41:08 [main] INFO  o.s.b.a.l.ConditionEvaluationReportLogger - 

Error starting ApplicationContext. To display the condition evaluation report re-run your application with 'debug' enabled.
2023-12-04 00:41:08 [main] ERROR o.s.boot.SpringApplication - Application run failed
java.lang.IllegalStateException: Failed to execute CommandLineRunner
	at org.springframework.boot.SpringApplication.callRunner(SpringApplication.java:789)
	at org.springframework.boot.SpringApplication.lambda$callRunners$3(SpringApplication.java:770)
	at java.base/java.util.stream.ForEachOps$ForEachOp$OfRef.accept(ForEachOps.java:184)
	at java.base/java.util.stream.SortedOps$SizedRefSortingSink.end(SortedOps.java:357)
	at java.base/java.util.stream.AbstractPipeline.copyInto(AbstractPipeline.java:510)
	at java.base/java.util.stream.AbstractPipeline.wrapAndCopyInto(AbstractPipeline.java:499)
	at java.base/java.util.stream.ForEachOps$ForEachOp.evaluateSequential(ForEachOps.java:151)
	at java.base/java.util.stream.ForEachOps$ForEachOp$OfRef.evaluateSequential(ForEachOps.java:174)
	at java.base/java.util.stream.AbstractPipeline.evaluate(AbstractPipeline.java:234)
	at java.base/java.util.stream.ReferencePipeline.forEach(ReferencePipeline.java:596)
	at org.springframework.boot.SpringApplication.callRunners(SpringApplication.java:765)
	at org.springframework.boot.SpringApplication.run(SpringApplication.java:330)
	at org.springframework.boot.SpringApplication.run(SpringApplication.java:1342)
	at org.springframework.boot.SpringApplication.run(SpringApplication.java:1331)
	at service.kafka.to.twitter.com.microservices.demo.config.TwitterToKafkaServiceApplication.main(TwitterToKafkaServiceApplication.java:24)
Caused by: java.lang.NullPointerException: Cannot invoke "java.util.List.toArray(Object[])" because the return value of "config.service.kafka.to.twitter.com.microservices.demo.config.TwitterToKafkaServiceConfigData.getTwitterKeywords()" is null
	at service.kafka.to.twitter.com.microservices.demo.config.TwitterToKafkaServiceApplication.run(TwitterToKafkaServiceApplication.java:30)
	at org.springframework.boot.SpringApplication.callRunner(SpringApplication.java:786)
	... 14 common frames omitted
2023-12-04 00:41:11 [main] INFO  c.m.d.t.t.k.s.TwitterToKafkaServiceApplication - Starting TwitterToKafkaServiceApplication using Java 21 with PID 19088 (C:\Users\tolun\OneDrive\Masaüstü\workspace\microservices-demo\twitter-to-kafka-service\target\classes started by tolun in C:\Users\tolun\OneDrive\Masaüstü\workspace\microservices-demo)
2023-12-04 00:41:11 [main] INFO  c.m.d.t.t.k.s.TwitterToKafkaServiceApplication - No active profile set, falling back to 1 default profile: "default"
2023-12-04 00:41:11 [main] INFO  c.m.d.t.t.k.s.TwitterToKafkaServiceApplication - Started TwitterToKafkaServiceApplication in 0.412 seconds (process running for 0.777)
2023-12-04 00:41:11 [main] INFO  c.m.d.t.t.k.s.TwitterToKafkaServiceApplication - App starts...
2023-12-04 00:41:11 [main] INFO  o.s.b.a.l.ConditionEvaluationReportLogger - 

Error starting ApplicationContext. To display the condition evaluation report re-run your application with 'debug' enabled.
2023-12-04 00:41:11 [main] ERROR o.s.boot.SpringApplication - Application run failed
java.lang.IllegalStateException: Failed to execute CommandLineRunner
	at org.springframework.boot.SpringApplication.callRunner(SpringApplication.java:789)
	at org.springframework.boot.SpringApplication.lambda$callRunners$3(SpringApplication.java:770)
	at java.base/java.util.stream.ForEachOps$ForEachOp$OfRef.accept(ForEachOps.java:184)
	at java.base/java.util.stream.SortedOps$SizedRefSortingSink.end(SortedOps.java:357)
	at java.base/java.util.stream.AbstractPipeline.copyInto(AbstractPipeline.java:510)
	at java.base/java.util.stream.AbstractPipeline.wrapAndCopyInto(AbstractPipeline.java:499)
	at java.base/java.util.stream.ForEachOps$ForEachOp.evaluateSequential(ForEachOps.java:151)
	at java.base/java.util.stream.ForEachOps$ForEachOp$OfRef.evaluateSequential(ForEachOps.java:174)
	at java.base/java.util.stream.AbstractPipeline.evaluate(AbstractPipeline.java:234)
	at java.base/java.util.stream.ReferencePipeline.forEach(ReferencePipeline.java:596)
	at org.springframework.boot.SpringApplication.callRunners(SpringApplication.java:765)
	at org.springframework.boot.SpringApplication.run(SpringApplication.java:330)
	at org.springframework.boot.SpringApplication.run(SpringApplication.java:1342)
	at org.springframework.boot.SpringApplication.run(SpringApplication.java:1331)
	at service.kafka.to.twitter.com.microservices.demo.config.TwitterToKafkaServiceApplication.main(TwitterToKafkaServiceApplication.java:26)
Caused by: java.lang.NullPointerException: Cannot invoke "java.util.List.toArray(Object[])" because the return value of "config.service.kafka.to.twitter.com.microservices.demo.config.TwitterToKafkaServiceConfigData.getTwitterKeywords()" is null
	at service.kafka.to.twitter.com.microservices.demo.config.TwitterToKafkaServiceApplication.run(TwitterToKafkaServiceApplication.java:32)
	at org.springframework.boot.SpringApplication.callRunner(SpringApplication.java:786)
	... 14 common frames omitted
2023-12-04 00:41:15 [main] INFO  c.m.d.t.t.k.s.TwitterToKafkaServiceApplication - Starting TwitterToKafkaServiceApplication using Java 21 with PID 24912 (C:\Users\tolun\OneDrive\Masaüstü\workspace\microservices-demo\twitter-to-kafka-service\target\classes started by tolun in C:\Users\tolun\OneDrive\Masaüstü\workspace\microservices-demo)
2023-12-04 00:41:15 [main] INFO  c.m.d.t.t.k.s.TwitterToKafkaServiceApplication - No active profile set, falling back to 1 default profile: "default"
2023-12-04 00:41:15 [main] INFO  c.m.d.t.t.k.s.TwitterToKafkaServiceApplication - Started TwitterToKafkaServiceApplication in 0.407 seconds (process running for 0.79)
2023-12-04 00:41:15 [main] INFO  c.m.d.t.t.k.s.TwitterToKafkaServiceApplication - App starts...
2023-12-04 00:41:30 [main] INFO  o.s.b.a.l.ConditionEvaluationReportLogger - 

Error starting ApplicationContext. To display the condition evaluation report re-run your application with 'debug' enabled.
2023-12-04 00:41:30 [main] ERROR o.s.boot.SpringApplication - Application run failed
java.lang.IllegalStateException: Failed to execute CommandLineRunner
	at org.springframework.boot.SpringApplication.callRunner(SpringApplication.java:789)
	at org.springframework.boot.SpringApplication.lambda$callRunners$3(SpringApplication.java:770)
	at java.base/java.util.stream.ForEachOps$ForEachOp$OfRef.accept(ForEachOps.java:184)
	at java.base/java.util.stream.SortedOps$SizedRefSortingSink.end(SortedOps.java:357)
	at java.base/java.util.stream.AbstractPipeline.copyInto(AbstractPipeline.java:510)
	at java.base/java.util.stream.AbstractPipeline.wrapAndCopyInto(AbstractPipeline.java:499)
	at java.base/java.util.stream.ForEachOps$ForEachOp.evaluateSequential(ForEachOps.java:151)
	at java.base/java.util.stream.ForEachOps$ForEachOp$OfRef.evaluateSequential(ForEachOps.java:174)
	at java.base/java.util.stream.AbstractPipeline.evaluate(AbstractPipeline.java:234)
	at java.base/java.util.stream.ReferencePipeline.forEach(ReferencePipeline.java:596)
	at org.springframework.boot.SpringApplication.callRunners(SpringApplication.java:765)
	at org.springframework.boot.SpringApplication.run(SpringApplication.java:330)
	at org.springframework.boot.SpringApplication.run(SpringApplication.java:1342)
	at org.springframework.boot.SpringApplication.run(SpringApplication.java:1331)
	at service.kafka.to.twitter.com.microservices.demo.config.TwitterToKafkaServiceApplication.main(TwitterToKafkaServiceApplication.java:26)
Caused by: java.lang.NullPointerException: Cannot invoke "java.util.List.toArray(Object[])" because the return value of "config.service.kafka.to.twitter.com.microservices.demo.config.TwitterToKafkaServiceConfigData.getTwitterKeywords()" is null
	at service.kafka.to.twitter.com.microservices.demo.config.TwitterToKafkaServiceApplication.run(TwitterToKafkaServiceApplication.java:32)
	at org.springframework.boot.SpringApplication.callRunner(SpringApplication.java:786)
	... 14 common frames omitted
2023-12-04 00:41:40 [main] INFO  c.m.d.t.t.k.s.TwitterToKafkaServiceApplication - Starting TwitterToKafkaServiceApplication using Java 21 with PID 17780 (C:\Users\tolun\OneDrive\Masaüstü\workspace\microservices-demo\twitter-to-kafka-service\target\classes started by tolun in C:\Users\tolun\OneDrive\Masaüstü\workspace\microservices-demo)
2023-12-04 00:41:40 [main] INFO  c.m.d.t.t.k.s.TwitterToKafkaServiceApplication - No active profile set, falling back to 1 default profile: "default"
2023-12-04 00:41:40 [main] INFO  c.m.d.t.t.k.s.TwitterToKafkaServiceApplication - Started TwitterToKafkaServiceApplication in 0.419 seconds (process running for 0.781)
2023-12-04 00:41:40 [main] INFO  c.m.d.t.t.k.s.TwitterToKafkaServiceApplication - App starts...
2023-12-04 00:41:42 [main] INFO  o.s.b.a.l.ConditionEvaluationReportLogger - 

Error starting ApplicationContext. To display the condition evaluation report re-run your application with 'debug' enabled.
2023-12-04 00:41:42 [main] ERROR o.s.boot.SpringApplication - Application run failed
java.lang.IllegalStateException: Failed to execute CommandLineRunner
	at org.springframework.boot.SpringApplication.callRunner(SpringApplication.java:789)
	at org.springframework.boot.SpringApplication.lambda$callRunners$3(SpringApplication.java:770)
	at java.base/java.util.stream.ForEachOps$ForEachOp$OfRef.accept(ForEachOps.java:184)
	at java.base/java.util.stream.SortedOps$SizedRefSortingSink.end(SortedOps.java:357)
	at java.base/java.util.stream.AbstractPipeline.copyInto(AbstractPipeline.java:510)
	at java.base/java.util.stream.AbstractPipeline.wrapAndCopyInto(AbstractPipeline.java:499)
	at java.base/java.util.stream.ForEachOps$ForEachOp.evaluateSequential(ForEachOps.java:151)
	at java.base/java.util.stream.ForEachOps$ForEachOp$OfRef.evaluateSequential(ForEachOps.java:174)
	at java.base/java.util.stream.AbstractPipeline.evaluate(AbstractPipeline.java:234)
	at java.base/java.util.stream.ReferencePipeline.forEach(ReferencePipeline.java:596)
	at org.springframework.boot.SpringApplication.callRunners(SpringApplication.java:765)
	at org.springframework.boot.SpringApplication.run(SpringApplication.java:330)
	at org.springframework.boot.SpringApplication.run(SpringApplication.java:1342)
	at org.springframework.boot.SpringApplication.run(SpringApplication.java:1331)
	at service.kafka.to.twitter.com.microservices.demo.config.TwitterToKafkaServiceApplication.main(TwitterToKafkaServiceApplication.java:24)
Caused by: java.lang.NullPointerException: Cannot invoke "java.util.List.toArray(Object[])" because the return value of "config.service.kafka.to.twitter.com.microservices.demo.config.TwitterToKafkaServiceConfigData.getTwitterKeywords()" is null
	at service.kafka.to.twitter.com.microservices.demo.config.TwitterToKafkaServiceApplication.run(TwitterToKafkaServiceApplication.java:30)
	at org.springframework.boot.SpringApplication.callRunner(SpringApplication.java:786)
	... 14 common frames omitted
2023-12-04 00:41:55 [main] INFO  c.m.d.t.t.k.s.TwitterToKafkaServiceApplication - Starting TwitterToKafkaServiceApplication using Java 21 with PID 22720 (C:\Users\tolun\OneDrive\Masaüstü\workspace\microservices-demo\twitter-to-kafka-service\target\classes started by tolun in C:\Users\tolun\OneDrive\Masaüstü\workspace\microservices-demo)
2023-12-04 00:41:55 [main] INFO  c.m.d.t.t.k.s.TwitterToKafkaServiceApplication - No active profile set, falling back to 1 default profile: "default"
2023-12-04 00:41:55 [main] INFO  c.m.d.t.t.k.s.TwitterToKafkaServiceApplication - Started TwitterToKafkaServiceApplication in 0.399 seconds (process running for 0.751)
2023-12-04 00:41:55 [main] INFO  c.m.d.t.t.k.s.TwitterToKafkaServiceApplication - App starts...
2023-12-04 00:41:55 [main] INFO  o.s.b.a.l.ConditionEvaluationReportLogger - 

Error starting ApplicationContext. To display the condition evaluation report re-run your application with 'debug' enabled.
2023-12-04 00:41:55 [main] ERROR o.s.boot.SpringApplication - Application run failed
java.lang.IllegalStateException: Failed to execute CommandLineRunner
	at org.springframework.boot.SpringApplication.callRunner(SpringApplication.java:789)
	at org.springframework.boot.SpringApplication.lambda$callRunners$3(SpringApplication.java:770)
	at java.base/java.util.stream.ForEachOps$ForEachOp$OfRef.accept(ForEachOps.java:184)
	at java.base/java.util.stream.SortedOps$SizedRefSortingSink.end(SortedOps.java:357)
	at java.base/java.util.stream.AbstractPipeline.copyInto(AbstractPipeline.java:510)
	at java.base/java.util.stream.AbstractPipeline.wrapAndCopyInto(AbstractPipeline.java:499)
	at java.base/java.util.stream.ForEachOps$ForEachOp.evaluateSequential(ForEachOps.java:151)
	at java.base/java.util.stream.ForEachOps$ForEachOp$OfRef.evaluateSequential(ForEachOps.java:174)
	at java.base/java.util.stream.AbstractPipeline.evaluate(AbstractPipeline.java:234)
	at java.base/java.util.stream.ReferencePipeline.forEach(ReferencePipeline.java:596)
	at org.springframework.boot.SpringApplication.callRunners(SpringApplication.java:765)
	at org.springframework.boot.SpringApplication.run(SpringApplication.java:330)
	at org.springframework.boot.SpringApplication.run(SpringApplication.java:1342)
	at org.springframework.boot.SpringApplication.run(SpringApplication.java:1331)
	at service.kafka.to.twitter.com.microservices.demo.config.TwitterToKafkaServiceApplication.main(TwitterToKafkaServiceApplication.java:26)
Caused by: java.lang.NullPointerException: Cannot invoke "java.util.List.toArray(Object[])" because the return value of "config.service.kafka.to.twitter.com.microservices.demo.config.TwitterToKafkaServiceConfigData.getTwitterKeywords()" is null
	at service.kafka.to.twitter.com.microservices.demo.config.TwitterToKafkaServiceApplication.run(TwitterToKafkaServiceApplication.java:32)
	at org.springframework.boot.SpringApplication.callRunner(SpringApplication.java:786)
	... 14 common frames omitted
2023-12-04 00:45:12 [main] INFO  c.m.d.t.t.k.s.TwitterToKafkaServiceApplication - Starting TwitterToKafkaServiceApplication using Java 21 with PID 15180 (C:\Users\tolun\OneDrive\Masaüstü\workspace\microservices-demo\twitter-to-kafka-service\target\classes started by tolun in C:\Users\tolun\OneDrive\Masaüstü\workspace\microservices-demo)
2023-12-04 00:45:12 [main] INFO  c.m.d.t.t.k.s.TwitterToKafkaServiceApplication - No active profile set, falling back to 1 default profile: "default"
2023-12-04 00:45:13 [main] INFO  c.m.d.t.t.k.s.TwitterToKafkaServiceApplication - Started TwitterToKafkaServiceApplication in 0.389 seconds (process running for 0.743)
2023-12-04 00:45:13 [main] INFO  c.m.d.t.t.k.s.TwitterToKafkaServiceApplication - App starts...
2023-12-04 00:45:13 [main] INFO  o.s.b.a.l.ConditionEvaluationReportLogger - 

Error starting ApplicationContext. To display the condition evaluation report re-run your application with 'debug' enabled.
2023-12-04 00:45:13 [main] ERROR o.s.boot.SpringApplication - Application run failed
java.lang.IllegalStateException: Failed to execute CommandLineRunner
	at org.springframework.boot.SpringApplication.callRunner(SpringApplication.java:789)
	at org.springframework.boot.SpringApplication.lambda$callRunners$3(SpringApplication.java:770)
	at java.base/java.util.stream.ForEachOps$ForEachOp$OfRef.accept(ForEachOps.java:184)
	at java.base/java.util.stream.SortedOps$SizedRefSortingSink.end(SortedOps.java:357)
	at java.base/java.util.stream.AbstractPipeline.copyInto(AbstractPipeline.java:510)
	at java.base/java.util.stream.AbstractPipeline.wrapAndCopyInto(AbstractPipeline.java:499)
	at java.base/java.util.stream.ForEachOps$ForEachOp.evaluateSequential(ForEachOps.java:151)
	at java.base/java.util.stream.ForEachOps$ForEachOp$OfRef.evaluateSequential(ForEachOps.java:174)
	at java.base/java.util.stream.AbstractPipeline.evaluate(AbstractPipeline.java:234)
	at java.base/java.util.stream.ReferencePipeline.forEach(ReferencePipeline.java:596)
	at org.springframework.boot.SpringApplication.callRunners(SpringApplication.java:765)
	at org.springframework.boot.SpringApplication.run(SpringApplication.java:330)
	at org.springframework.boot.SpringApplication.run(SpringApplication.java:1342)
	at org.springframework.boot.SpringApplication.run(SpringApplication.java:1331)
	at service.kafka.to.twitter.com.microservices.demo.config.TwitterToKafkaServiceApplication.main(TwitterToKafkaServiceApplication.java:24)
Caused by: java.lang.NullPointerException: Cannot invoke "java.util.List.toArray(Object[])" because the return value of "config.service.kafka.to.twitter.com.microservices.demo.config.TwitterToKafkaServiceConfigData.getTwitterKeywords()" is null
	at service.kafka.to.twitter.com.microservices.demo.config.TwitterToKafkaServiceApplication.run(TwitterToKafkaServiceApplication.java:30)
	at org.springframework.boot.SpringApplication.callRunner(SpringApplication.java:786)
	... 14 common frames omitted
2023-12-04 00:48:25 [main] INFO  c.m.d.t.t.k.s.TwitterToKafkaServiceApplication - Starting TwitterToKafkaServiceApplication using Java 21 with PID 22592 (C:\Users\tolun\OneDrive\Masaüstü\workspace\microservices-demo\twitter-to-kafka-service\target\classes started by tolun in C:\Users\tolun\OneDrive\Masaüstü\workspace\microservices-demo)
2023-12-04 00:48:25 [main] INFO  c.m.d.t.t.k.s.TwitterToKafkaServiceApplication - No active profile set, falling back to 1 default profile: "default"
2023-12-04 00:48:25 [main] INFO  c.m.d.t.t.k.s.TwitterToKafkaServiceApplication - Started TwitterToKafkaServiceApplication in 0.387 seconds (process running for 0.729)
2023-12-04 00:48:25 [main] INFO  c.m.d.t.t.k.s.TwitterToKafkaServiceApplication - App starts...
2023-12-04 00:48:25 [main] INFO  o.s.b.a.l.ConditionEvaluationReportLogger - 

Error starting ApplicationContext. To display the condition evaluation report re-run your application with 'debug' enabled.
2023-12-04 00:48:25 [main] ERROR o.s.boot.SpringApplication - Application run failed
java.lang.IllegalStateException: Failed to execute CommandLineRunner
	at org.springframework.boot.SpringApplication.callRunner(SpringApplication.java:789)
	at org.springframework.boot.SpringApplication.lambda$callRunners$3(SpringApplication.java:770)
	at java.base/java.util.stream.ForEachOps$ForEachOp$OfRef.accept(ForEachOps.java:184)
	at java.base/java.util.stream.SortedOps$SizedRefSortingSink.end(SortedOps.java:357)
	at java.base/java.util.stream.AbstractPipeline.copyInto(AbstractPipeline.java:510)
	at java.base/java.util.stream.AbstractPipeline.wrapAndCopyInto(AbstractPipeline.java:499)
	at java.base/java.util.stream.ForEachOps$ForEachOp.evaluateSequential(ForEachOps.java:151)
	at java.base/java.util.stream.ForEachOps$ForEachOp$OfRef.evaluateSequential(ForEachOps.java:174)
	at java.base/java.util.stream.AbstractPipeline.evaluate(AbstractPipeline.java:234)
	at java.base/java.util.stream.ReferencePipeline.forEach(ReferencePipeline.java:596)
	at org.springframework.boot.SpringApplication.callRunners(SpringApplication.java:765)
	at org.springframework.boot.SpringApplication.run(SpringApplication.java:330)
	at org.springframework.boot.SpringApplication.run(SpringApplication.java:1342)
	at org.springframework.boot.SpringApplication.run(SpringApplication.java:1331)
	at service.kafka.to.twitter.com.microservices.demo.config.TwitterToKafkaServiceApplication.main(TwitterToKafkaServiceApplication.java:24)
Caused by: java.lang.NullPointerException: Cannot invoke "java.util.List.toArray(Object[])" because the return value of "config.service.kafka.to.twitter.com.microservices.demo.config.TwitterToKafkaServiceConfigData.getTwitterKeywords()" is null
	at service.kafka.to.twitter.com.microservices.demo.config.TwitterToKafkaServiceApplication.run(TwitterToKafkaServiceApplication.java:30)
	at org.springframework.boot.SpringApplication.callRunner(SpringApplication.java:786)
	... 14 common frames omitted
2023-12-04 00:55:37 [main] INFO  c.m.d.t.t.k.s.TwitterToKafkaServiceApplication - Starting TwitterToKafkaServiceApplication using Java 21 with PID 8832 (C:\Users\tolun\OneDrive\Masaüstü\workspace\microservices-demo\twitter-to-kafka-service\target\classes started by tolun in C:\Users\tolun\OneDrive\Masaüstü\workspace\microservices-demo)
2023-12-04 00:55:37 [main] INFO  c.m.d.t.t.k.s.TwitterToKafkaServiceApplication - No active profile set, falling back to 1 default profile: "default"
2023-12-04 00:55:38 [main] INFO  c.m.d.t.t.k.s.TwitterToKafkaServiceApplication - Started TwitterToKafkaServiceApplication in 0.402 seconds (process running for 0.751)
2023-12-04 00:55:38 [main] INFO  c.m.d.t.t.k.s.TwitterToKafkaServiceApplication - App starts...
2023-12-04 00:55:38 [main] INFO  o.s.b.a.l.ConditionEvaluationReportLogger - 

Error starting ApplicationContext. To display the condition evaluation report re-run your application with 'debug' enabled.
2023-12-04 00:55:38 [main] ERROR o.s.boot.SpringApplication - Application run failed
java.lang.IllegalStateException: Failed to execute CommandLineRunner
	at org.springframework.boot.SpringApplication.callRunner(SpringApplication.java:789)
	at org.springframework.boot.SpringApplication.lambda$callRunners$3(SpringApplication.java:770)
	at java.base/java.util.stream.ForEachOps$ForEachOp$OfRef.accept(ForEachOps.java:184)
	at java.base/java.util.stream.SortedOps$SizedRefSortingSink.end(SortedOps.java:357)
	at java.base/java.util.stream.AbstractPipeline.copyInto(AbstractPipeline.java:510)
	at java.base/java.util.stream.AbstractPipeline.wrapAndCopyInto(AbstractPipeline.java:499)
	at java.base/java.util.stream.ForEachOps$ForEachOp.evaluateSequential(ForEachOps.java:151)
	at java.base/java.util.stream.ForEachOps$ForEachOp$OfRef.evaluateSequential(ForEachOps.java:174)
	at java.base/java.util.stream.AbstractPipeline.evaluate(AbstractPipeline.java:234)
	at java.base/java.util.stream.ReferencePipeline.forEach(ReferencePipeline.java:596)
	at org.springframework.boot.SpringApplication.callRunners(SpringApplication.java:765)
	at org.springframework.boot.SpringApplication.run(SpringApplication.java:330)
	at org.springframework.boot.SpringApplication.run(SpringApplication.java:1342)
	at org.springframework.boot.SpringApplication.run(SpringApplication.java:1331)
	at service.kafka.to.twitter.com.microservices.demo.config.TwitterToKafkaServiceApplication.main(TwitterToKafkaServiceApplication.java:24)
Caused by: java.lang.NullPointerException: Cannot invoke "java.util.List.toArray(Object[])" because the return value of "config.service.kafka.to.twitter.com.microservices.demo.config.TwitterToKafkaServiceConfigData.getTwitterKeywords()" is null
	at service.kafka.to.twitter.com.microservices.demo.config.TwitterToKafkaServiceApplication.run(TwitterToKafkaServiceApplication.java:30)
	at org.springframework.boot.SpringApplication.callRunner(SpringApplication.java:786)
	... 14 common frames omitted
2023-12-04 00:56:56 [main] INFO  c.m.d.t.t.k.s.TwitterToKafkaServiceApplication - Starting TwitterToKafkaServiceApplication using Java 21 with PID 4116 (C:\Users\tolun\OneDrive\Masaüstü\workspace\microservices-demo\twitter-to-kafka-service\target\classes started by tolun in C:\Users\tolun\OneDrive\Masaüstü\workspace\microservices-demo)
2023-12-04 00:56:56 [main] INFO  c.m.d.t.t.k.s.TwitterToKafkaServiceApplication - No active profile set, falling back to 1 default profile: "default"
2023-12-04 00:56:57 [main] INFO  c.m.d.t.t.k.s.TwitterToKafkaServiceApplication - Started TwitterToKafkaServiceApplication in 0.4 seconds (process running for 0.753)
2023-12-04 00:56:57 [main] INFO  c.m.d.t.t.k.s.TwitterToKafkaServiceApplication - App starts...
2023-12-04 00:56:57 [main] INFO  o.s.b.a.l.ConditionEvaluationReportLogger - 

Error starting ApplicationContext. To display the condition evaluation report re-run your application with 'debug' enabled.
2023-12-04 00:56:57 [main] ERROR o.s.boot.SpringApplication - Application run failed
java.lang.IllegalStateException: Failed to execute CommandLineRunner
	at org.springframework.boot.SpringApplication.callRunner(SpringApplication.java:789)
	at org.springframework.boot.SpringApplication.lambda$callRunners$3(SpringApplication.java:770)
	at java.base/java.util.stream.ForEachOps$ForEachOp$OfRef.accept(ForEachOps.java:184)
	at java.base/java.util.stream.SortedOps$SizedRefSortingSink.end(SortedOps.java:357)
	at java.base/java.util.stream.AbstractPipeline.copyInto(AbstractPipeline.java:510)
	at java.base/java.util.stream.AbstractPipeline.wrapAndCopyInto(AbstractPipeline.java:499)
	at java.base/java.util.stream.ForEachOps$ForEachOp.evaluateSequential(ForEachOps.java:151)
	at java.base/java.util.stream.ForEachOps$ForEachOp$OfRef.evaluateSequential(ForEachOps.java:174)
	at java.base/java.util.stream.AbstractPipeline.evaluate(AbstractPipeline.java:234)
	at java.base/java.util.stream.ReferencePipeline.forEach(ReferencePipeline.java:596)
	at org.springframework.boot.SpringApplication.callRunners(SpringApplication.java:765)
	at org.springframework.boot.SpringApplication.run(SpringApplication.java:330)
	at org.springframework.boot.SpringApplication.run(SpringApplication.java:1342)
	at org.springframework.boot.SpringApplication.run(SpringApplication.java:1331)
	at service.kafka.to.twitter.com.microservices.demo.config.TwitterToKafkaServiceApplication.main(TwitterToKafkaServiceApplication.java:24)
Caused by: java.lang.NullPointerException: Cannot invoke "java.util.List.toArray(Object[])" because the return value of "config.service.kafka.to.twitter.com.microservices.demo.config.TwitterToKafkaServiceConfigData.getTwitterKeywords()" is null
	at service.kafka.to.twitter.com.microservices.demo.config.TwitterToKafkaServiceApplication.run(TwitterToKafkaServiceApplication.java:30)
	at org.springframework.boot.SpringApplication.callRunner(SpringApplication.java:786)
	... 14 common frames omitted
2023-12-04 00:57:48 [main] INFO  c.m.d.t.t.k.s.TwitterToKafkaServiceApplication - Starting TwitterToKafkaServiceApplication using Java 21 with PID 6812 (C:\Users\tolun\OneDrive\Masaüstü\workspace\microservices-demo\twitter-to-kafka-service\target\classes started by tolun in C:\Users\tolun\OneDrive\Masaüstü\workspace\microservices-demo)
2023-12-04 00:57:48 [main] INFO  c.m.d.t.t.k.s.TwitterToKafkaServiceApplication - No active profile set, falling back to 1 default profile: "default"
2023-12-04 00:57:49 [main] INFO  c.m.d.t.t.k.s.TwitterToKafkaServiceApplication - Started TwitterToKafkaServiceApplication in 0.424 seconds (process running for 0.772)
2023-12-04 00:57:49 [main] INFO  c.m.d.t.t.k.s.TwitterToKafkaServiceApplication - App starts...
2023-12-04 00:57:49 [main] INFO  c.m.d.t.t.k.s.TwitterToKafkaServiceApplication - [Java, Microservices, Kafka, Elasticsearch]
2023-12-04 00:58:16 [main] INFO  c.m.d.t.t.k.s.TwitterToKafkaServiceApplication - Starting TwitterToKafkaServiceApplication using Java 21 with PID 11880 (C:\Users\tolun\OneDrive\Masaüstü\workspace\microservices-demo\twitter-to-kafka-service\target\classes started by tolun in C:\Users\tolun\OneDrive\Masaüstü\workspace\microservices-demo)
2023-12-04 00:58:16 [main] INFO  c.m.d.t.t.k.s.TwitterToKafkaServiceApplication - No active profile set, falling back to 1 default profile: "default"
2023-12-04 00:58:16 [main] INFO  c.m.d.t.t.k.s.TwitterToKafkaServiceApplication - Started TwitterToKafkaServiceApplication in 0.419 seconds (process running for 0.771)
2023-12-04 00:58:16 [main] INFO  c.m.d.t.t.k.s.TwitterToKafkaServiceApplication - App starts...
2023-12-04 00:58:16 [main] INFO  c.m.d.t.t.k.s.TwitterToKafkaServiceApplication - [Java, Microservices, Kafka, Elasticsearch]
2023-12-04 00:58:35 [main] INFO  c.m.d.t.t.k.s.TwitterToKafkaServiceApplication - Starting TwitterToKafkaServiceApplication using Java 21 with PID 8352 (C:\Users\tolun\OneDrive\Masaüstü\workspace\microservices-demo\twitter-to-kafka-service\target\classes started by tolun in C:\Users\tolun\OneDrive\Masaüstü\workspace\microservices-demo)
2023-12-04 00:58:35 [main] INFO  c.m.d.t.t.k.s.TwitterToKafkaServiceApplication - No active profile set, falling back to 1 default profile: "default"
2023-12-04 00:58:36 [main] INFO  c.m.d.t.t.k.s.TwitterToKafkaServiceApplication - Started TwitterToKafkaServiceApplication in 0.42 seconds (process running for 0.77)
2023-12-04 00:58:36 [main] INFO  c.m.d.t.t.k.s.TwitterToKafkaServiceApplication - App starts...
2023-12-04 00:58:36 [main] INFO  c.m.d.t.t.k.s.TwitterToKafkaServiceApplication - [Java, Microservices, Spring, Kafka, Elasticsearch]
2023-12-04 01:07:13 [main] INFO  c.m.d.t.t.k.s.TwitterToKafkaServiceApplication - Starting TwitterToKafkaServiceApplication using Java 21 with PID 12064 (C:\Users\tolun\OneDrive\Masaüstü\workspace\microservices-demo\twitter-to-kafka-service\target\classes started by tolun in C:\Users\tolun\OneDrive\Masaüstü\workspace\microservices-demo)
2023-12-04 01:07:13 [main] INFO  c.m.d.t.t.k.s.TwitterToKafkaServiceApplication - No active profile set, falling back to 1 default profile: "default"
2023-12-04 01:07:13 [main] INFO  c.m.d.t.t.k.s.TwitterToKafkaServiceApplication - Started TwitterToKafkaServiceApplication in 0.413 seconds (process running for 0.765)
2023-12-04 01:07:13 [main] INFO  c.m.d.t.t.k.s.TwitterToKafkaServiceApplication - App starts...
2023-12-04 01:07:13 [main] INFO  c.m.d.t.t.k.s.TwitterToKafkaServiceApplication - [Java, Microservices, Spring, Kafka, Elasticsearch]
2023-12-04 01:07:13 [main] INFO  c.m.d.t.t.k.s.TwitterToKafkaServiceApplication - Hello microservices!
